Using pre-set license
Built from '2020.3/staging' branch; Version is '2020.3.47f1 (5ef4f5b5e2d4) revision 6223093'; Using compiler version '192528614'; Build Type 'Release'
OS: 'Windows 10  (10.0.17763) 64bit EnterpriseS' Language: 'es' Physical Memory: 3973 MB
BatchMode: 1, IsHumanControllingUs: 0, StartBugReporterOnCrash: 0, Is64bit: 1, IsPro: 0

COMMAND LINE ARGUMENTS:
C:\Program Files\Unity\Hub\Editor\2020.3.47f1\Editor\Unity.exe
-adb2
-batchMode
-noUpm
-name
AssetImportWorker0
-projectPath
C:/Users/Usuario/Documents/Surivial_Shooter/SurvialShooter
-logFile
Logs/AssetImportWorker0.log
-srvPort
61168
Successfully changed project path to: C:/Users/Usuario/Documents/Surivial_Shooter/SurvialShooter
C:/Users/Usuario/Documents/Surivial_Shooter/SurvialShooter
Using Asset Import Pipeline V2.
Player connection [7084] Host "[IP] 192.168.100.55 [Port] 2953007520 [Flags] 2 [Guid] 3577246181 [EditorId] 3577246181 [Version] 1048832 [Id] WindowsEditor(7,DESKTOP-3GJPTVJ) [Debug] 1 [PackageName] WindowsEditor [ProjectName] Editor" joined multi-casting on [225.0.0.222:54997]...

Player connection [7084] Host "[IP] 192.168.100.55 [Port] 2953007520 [Flags] 2 [Guid] 3577246181 [EditorId] 3577246181 [Version] 1048832 [Id] WindowsEditor(7,DESKTOP-3GJPTVJ) [Debug] 1 [PackageName] WindowsEditor [ProjectName] Editor" joined alternative multi-casting on [225.0.0.222:34997]...

Refreshing native plugins compatible for Editor in 316.17 ms, found 2 plugins.
Preloading 0 native plugins for Editor in 0.00 ms.
Initialize engine version: 2020.3.47f1 (5ef4f5b5e2d4)
[Subsystems] Discovering subsystems at path C:/Program Files/Unity/Hub/Editor/2020.3.47f1/Editor/Data/Resources/UnitySubsystems
[Subsystems] Discovering subsystems at path C:/Users/Usuario/Documents/Surivial_Shooter/SurvialShooter/Assets
GfxDevice: creating device client; threaded=0
Direct3D:
    Version:  Direct3D 11.0 [level 11.0]
    Renderer: Intel(R) HD Graphics (ID=0xf31)
    Vendor:   
    VRAM:     128 MB
    Driver:   10.18.10.5129
Initialize mono
Mono path[0] = 'C:/Program Files/Unity/Hub/Editor/2020.3.47f1/Editor/Data/Managed'
Mono path[1] = 'C:/Program Files/Unity/Hub/Editor/2020.3.47f1/Editor/Data/MonoBleedingEdge/lib/mono/unityjit'
Mono config path = 'C:/Program Files/Unity/Hub/Editor/2020.3.47f1/Editor/Data/MonoBleedingEdge/etc'
Using monoOptions --debugger-agent=transport=dt_socket,embedding=1,server=y,suspend=n,address=127.0.0.1:56300
Begin MonoManager ReloadAssembly
Registering precompiled unity dll's ...
Register platform support module: C:/Program Files/Unity/Hub/Editor/2020.3.47f1/Editor/Data/PlaybackEngines/WindowsStandaloneSupport/UnityEditor.WindowsStandalone.Extensions.dll
Registered in 0.036183 seconds.
Native extension for WindowsStandalone target not found
Refreshing native plugins compatible for Editor in 276.77 ms, found 2 plugins.
Preloading 0 native plugins for Editor in 0.00 ms.
Mono: successfully reloaded assembly
- Completed reload, in 61.559 seconds
Domain Reload Profiling:
	ReloadAssembly (61560ms)
		BeginReloadAssembly (3701ms)
			ExecutionOrderSort (0ms)
			DisableScriptedObjects (0ms)
			BackupInstance (0ms)
			ReleaseScriptingObjects (0ms)
			CreateAndSetChildDomain (5ms)
		EndReloadAssembly (56921ms)
			LoadAssemblies (3687ms)
			RebuildTransferFunctionScriptingTraits (1ms)
			SetupTypeCache (1577ms)
			ReleaseScriptCaches (0ms)
			RebuildScriptCaches (375ms)
			SetupLoadedEditorAssemblies (54197ms)
				LogAssemblyErrors (0ms)
				InitializePlatformSupportModulesInManaged (24ms)
				SetLoadedEditorAssemblies (4ms)
				RefreshPlugins (277ms)
				BeforeProcessingInitializeOnLoad (81ms)
				ProcessInitializeOnLoadAttributes (53249ms)
				ProcessInitializeOnLoadMethodAttributes (559ms)
				AfterProcessingInitializeOnLoad (0ms)
				EditorAssembliesLoaded (2ms)
			ExecutionOrderSort2 (0ms)
			AwakeInstancesAfterBackupRestoration (0ms)
Platform modules already initialized, skipping
Registering precompiled user dll's ...
Registered in 0.022933 seconds.
Begin MonoManager ReloadAssembly
Native extension for WindowsStandalone target not found
Refreshing native plugins compatible for Editor in 1.37 ms, found 2 plugins.
Preloading 0 native plugins for Editor in 0.00 ms.
Mono: successfully reloaded assembly
- Completed reload, in 10.972 seconds
Domain Reload Profiling:
	ReloadAssembly (10998ms)
		BeginReloadAssembly (1683ms)
			ExecutionOrderSort (0ms)
			DisableScriptedObjects (36ms)
			BackupInstance (0ms)
			ReleaseScriptingObjects (0ms)
			CreateAndSetChildDomain (88ms)
		EndReloadAssembly (8792ms)
			LoadAssemblies (1404ms)
			RebuildTransferFunctionScriptingTraits (0ms)
			SetupTypeCache (2296ms)
			ReleaseScriptCaches (1ms)
			RebuildScriptCaches (739ms)
			SetupLoadedEditorAssemblies (4134ms)
				LogAssemblyErrors (0ms)
				InitializePlatformSupportModulesInManaged (24ms)
				SetLoadedEditorAssemblies (3ms)
				RefreshPlugins (2ms)
				BeforeProcessingInitializeOnLoad (509ms)
				ProcessInitializeOnLoadAttributes (3496ms)
				ProcessInitializeOnLoadMethodAttributes (72ms)
				AfterProcessingInitializeOnLoad (27ms)
				EditorAssembliesLoaded (1ms)
			ExecutionOrderSort2 (0ms)
			AwakeInstancesAfterBackupRestoration (25ms)
Platform modules already initialized, skipping
========================================================================
Worker process is ready to serve import requests
Launched and connected shader compiler UnityShaderCompiler.exe after 1.97 seconds
Refreshing native plugins compatible for Editor in 1.21 ms, found 2 plugins.
Preloading 0 native plugins for Editor in 0.00 ms.
Unloading 1376 Unused Serialized files (Serialized files now loaded: 0)
System memory in use before: 68.4 MB.
System memory in use after: 68.4 MB.

Unloading 17 unused Assets to reduce memory usage. Loaded Objects now: 1820.
Total: 54.313100 ms (FindLiveObjects: 0.750600 ms CreateObjectMapping: 0.301400 ms MarkObjects: 52.370300 ms  DeleteObjects: 0.877000 ms)

AssetImportParameters requested are different than current active one (requested -> active):
  custom:framework-win-MediaFoundation: 216162199b28c13a410421893ffa2e32 -> 
  custom:video-decoder-ogg-theora: a1e56fd34408186e4bbccfd4996cb3dc -> 
  custom:container-muxer-webm: aa71ff27fc2769a1b78a27578f13a17b -> 
  custom:container-demuxer-webm: 4f35f7cbe854078d1ac9338744f61a02 -> 
  custom:container-demuxer-ogg: 62fdf1f143b41e24485cea50d1cbac27 -> 
  custom:video-encoder-webm-vp8: eb34c28f22e8b96e1ab97ce403110664 -> 
  custom:video-decoder-webm-vp8: 9c59270c3fd7afecdb556c50c9e8de78 -> 
  custom:audio-decoder-ogg-vorbis: bf7c407c2cedff20999df2af8eb42d56 -> 
  custom:audio-encoder-webm-vorbis: bf7c407c2cedff20999df2af8eb42d56 -> 
========================================================================
Received Import Request.
  path: Assets/Script/PlayerShooting.cs
  artifactKey: Guid(32b181b69dfb610449ceac617d0c9c2b) Importer(815301076,1909f56bfc062723c751e8b465ee728b)
Start importing Assets/Script/PlayerShooting.cs using Guid(32b181b69dfb610449ceac617d0c9c2b) Importer(815301076,1909f56bfc062723c751e8b465ee728b)  -> (artifact id: '4869d9cbb74723349c4192677dcbcef0') in 0.235687 seconds 
========================================================================
Received Prepare
Registering precompiled user dll's ...
Registered in 0.021083 seconds.
Begin MonoManager ReloadAssembly
Native extension for WindowsStandalone target not found
Refreshing native plugins compatible for Editor in 1.82 ms, found 2 plugins.
Preloading 0 native plugins for Editor in 0.00 ms.
Mono: successfully reloaded assembly
- Completed reload, in  6.854 seconds
Domain Reload Profiling:
	ReloadAssembly (6856ms)
		BeginReloadAssembly (845ms)
			ExecutionOrderSort (0ms)
			DisableScriptedObjects (55ms)
			BackupInstance (0ms)
			ReleaseScriptingObjects (0ms)
			CreateAndSetChildDomain (176ms)
		EndReloadAssembly (5497ms)
			LoadAssemblies (713ms)
			RebuildTransferFunctionScriptingTraits (0ms)
			SetupTypeCache (2271ms)
			ReleaseScriptCaches (3ms)
			RebuildScriptCaches (285ms)
			SetupLoadedEditorAssemblies (1765ms)
				LogAssemblyErrors (0ms)
				InitializePlatformSupportModulesInManaged (26ms)
				SetLoadedEditorAssemblies (2ms)
				RefreshPlugins (2ms)
				BeforeProcessingInitializeOnLoad (481ms)
				ProcessInitializeOnLoadAttributes (1130ms)
				ProcessInitializeOnLoadMethodAttributes (84ms)
				AfterProcessingInitializeOnLoad (38ms)
				EditorAssembliesLoaded (1ms)
			ExecutionOrderSort2 (0ms)
			AwakeInstancesAfterBackupRestoration (20ms)
Platform modules already initialized, skipping
Refreshing native plugins compatible for Editor in 1.84 ms, found 2 plugins.
Preloading 0 native plugins for Editor in 0.00 ms.
Unloading 1358 Unused Serialized files (Serialized files now loaded: 0)
System memory in use before: 67.0 MB.
System memory in use after: 67.1 MB.

Unloading 12 unused Assets to reduce memory usage. Loaded Objects now: 1823.
Total: 11.635900 ms (FindLiveObjects: 0.578400 ms CreateObjectMapping: 0.216200 ms MarkObjects: 10.595400 ms  DeleteObjects: 0.241300 ms)

AssetImportParameters requested are different than current active one (requested -> active):
  custom:framework-win-MediaFoundation: 216162199b28c13a410421893ffa2e32 -> 
  custom:video-decoder-ogg-theora: a1e56fd34408186e4bbccfd4996cb3dc -> 
  custom:container-muxer-webm: aa71ff27fc2769a1b78a27578f13a17b -> 
  custom:container-demuxer-webm: 4f35f7cbe854078d1ac9338744f61a02 -> 
  custom:container-demuxer-ogg: 62fdf1f143b41e24485cea50d1cbac27 -> 
  custom:video-encoder-webm-vp8: eb34c28f22e8b96e1ab97ce403110664 -> 
  custom:video-decoder-webm-vp8: 9c59270c3fd7afecdb556c50c9e8de78 -> 
  custom:audio-decoder-ogg-vorbis: bf7c407c2cedff20999df2af8eb42d56 -> 
  custom:audio-encoder-webm-vorbis: bf7c407c2cedff20999df2af8eb42d56 -> 
========================================================================
Received Import Request.
  Time since last request: 140.678997 seconds.
  path: Assets/Script/PlayerShooting.cs
  artifactKey: Guid(32b181b69dfb610449ceac617d0c9c2b) Importer(815301076,1909f56bfc062723c751e8b465ee728b)
Start importing Assets/Script/PlayerShooting.cs using Guid(32b181b69dfb610449ceac617d0c9c2b) Importer(815301076,1909f56bfc062723c751e8b465ee728b)  -> (artifact id: 'bc445570a4493b5e13f34f999c4afa66') in 0.069630 seconds 
========================================================================
Received Prepare
Registering precompiled user dll's ...
Registered in 0.011902 seconds.
Begin MonoManager ReloadAssembly
Native extension for WindowsStandalone target not found
Refreshing native plugins compatible for Editor in 1.27 ms, found 2 plugins.
Preloading 0 native plugins for Editor in 0.00 ms.
Mono: successfully reloaded assembly
- Completed reload, in  5.920 seconds
Domain Reload Profiling:
	ReloadAssembly (5921ms)
		BeginReloadAssembly (492ms)
			ExecutionOrderSort (0ms)
			DisableScriptedObjects (25ms)
			BackupInstance (0ms)
			ReleaseScriptingObjects (0ms)
			CreateAndSetChildDomain (124ms)
		EndReloadAssembly (5067ms)
			LoadAssemblies (539ms)
			RebuildTransferFunctionScriptingTraits (0ms)
			SetupTypeCache (1959ms)
			ReleaseScriptCaches (3ms)
			RebuildScriptCaches (384ms)
			SetupLoadedEditorAssemblies (1625ms)
				LogAssemblyErrors (0ms)
				InitializePlatformSupportModulesInManaged (22ms)
				SetLoadedEditorAssemblies (3ms)
				RefreshPlugins (2ms)
				BeforeProcessingInitializeOnLoad (560ms)
				ProcessInitializeOnLoadAttributes (964ms)
				ProcessInitializeOnLoadMethodAttributes (49ms)
				AfterProcessingInitializeOnLoad (25ms)
				EditorAssembliesLoaded (1ms)
			ExecutionOrderSort2 (0ms)
			AwakeInstancesAfterBackupRestoration (10ms)
Platform modules already initialized, skipping
Refreshing native plugins compatible for Editor in 1.44 ms, found 2 plugins.
Preloading 0 native plugins for Editor in 0.00 ms.
Unloading 1358 Unused Serialized files (Serialized files now loaded: 0)
System memory in use before: 67.0 MB.
System memory in use after: 67.1 MB.

Unloading 12 unused Assets to reduce memory usage. Loaded Objects now: 1826.
Total: 11.654100 ms (FindLiveObjects: 0.792500 ms CreateObjectMapping: 0.209100 ms MarkObjects: 10.439900 ms  DeleteObjects: 0.208800 ms)

AssetImportParameters requested are different than current active one (requested -> active):
  custom:framework-win-MediaFoundation: 216162199b28c13a410421893ffa2e32 -> 
  custom:video-decoder-ogg-theora: a1e56fd34408186e4bbccfd4996cb3dc -> 
  custom:container-muxer-webm: aa71ff27fc2769a1b78a27578f13a17b -> 
  custom:container-demuxer-webm: 4f35f7cbe854078d1ac9338744f61a02 -> 
  custom:container-demuxer-ogg: 62fdf1f143b41e24485cea50d1cbac27 -> 
  custom:video-encoder-webm-vp8: eb34c28f22e8b96e1ab97ce403110664 -> 
  custom:video-decoder-webm-vp8: 9c59270c3fd7afecdb556c50c9e8de78 -> 
  custom:audio-decoder-ogg-vorbis: bf7c407c2cedff20999df2af8eb42d56 -> 
  custom:audio-encoder-webm-vorbis: bf7c407c2cedff20999df2af8eb42d56 -> 
========================================================================
Received Prepare
Registering precompiled user dll's ...
Registered in 0.011255 seconds.
Begin MonoManager ReloadAssembly
Native extension for WindowsStandalone target not found
Refreshing native plugins compatible for Editor in 1.29 ms, found 2 plugins.
Preloading 0 native plugins for Editor in 0.00 ms.
Mono: successfully reloaded assembly
- Completed reload, in  6.918 seconds
Domain Reload Profiling:
	ReloadAssembly (6919ms)
		BeginReloadAssembly (650ms)
			ExecutionOrderSort (0ms)
			DisableScriptedObjects (32ms)
			BackupInstance (0ms)
			ReleaseScriptingObjects (1ms)
			CreateAndSetChildDomain (134ms)
		EndReloadAssembly (5707ms)
			LoadAssemblies (652ms)
			RebuildTransferFunctionScriptingTraits (0ms)
			SetupTypeCache (2091ms)
			ReleaseScriptCaches (3ms)
			RebuildScriptCaches (352ms)
			SetupLoadedEditorAssemblies (2133ms)
				LogAssemblyErrors (0ms)
				InitializePlatformSupportModulesInManaged (32ms)
				SetLoadedEditorAssemblies (3ms)
				RefreshPlugins (2ms)
				BeforeProcessingInitializeOnLoad (981ms)
				ProcessInitializeOnLoadAttributes (1034ms)
				ProcessInitializeOnLoadMethodAttributes (53ms)
				AfterProcessingInitializeOnLoad (26ms)
				EditorAssembliesLoaded (1ms)
			ExecutionOrderSort2 (0ms)
			AwakeInstancesAfterBackupRestoration (11ms)
Platform modules already initialized, skipping
Refreshing native plugins compatible for Editor in 1.24 ms, found 2 plugins.
Preloading 0 native plugins for Editor in 0.00 ms.
Unloading 1358 Unused Serialized files (Serialized files now loaded: 0)
System memory in use before: 67.0 MB.
System memory in use after: 67.1 MB.

Unloading 12 unused Assets to reduce memory usage. Loaded Objects now: 1829.
Total: 13.104900 ms (FindLiveObjects: 0.603500 ms CreateObjectMapping: 0.197100 ms MarkObjects: 12.034100 ms  DeleteObjects: 0.266300 ms)

AssetImportParameters requested are different than current active one (requested -> active):
  custom:framework-win-MediaFoundation: 216162199b28c13a410421893ffa2e32 -> 
  custom:video-decoder-ogg-theora: a1e56fd34408186e4bbccfd4996cb3dc -> 
  custom:container-muxer-webm: aa71ff27fc2769a1b78a27578f13a17b -> 
  custom:container-demuxer-webm: 4f35f7cbe854078d1ac9338744f61a02 -> 
  custom:container-demuxer-ogg: 62fdf1f143b41e24485cea50d1cbac27 -> 
  custom:video-encoder-webm-vp8: eb34c28f22e8b96e1ab97ce403110664 -> 
  custom:video-decoder-webm-vp8: 9c59270c3fd7afecdb556c50c9e8de78 -> 
  custom:audio-decoder-ogg-vorbis: bf7c407c2cedff20999df2af8eb42d56 -> 
  custom:audio-encoder-webm-vorbis: bf7c407c2cedff20999df2af8eb42d56 -> 
========================================================================
Received Prepare
Registering precompiled user dll's ...
Registered in 0.014442 seconds.
Begin MonoManager ReloadAssembly
Native extension for WindowsStandalone target not found
Refreshing native plugins compatible for Editor in 1.79 ms, found 2 plugins.
Preloading 0 native plugins for Editor in 0.00 ms.
Mono: successfully reloaded assembly
- Completed reload, in  5.818 seconds
Domain Reload Profiling:
	ReloadAssembly (5820ms)
		BeginReloadAssembly (861ms)
			ExecutionOrderSort (0ms)
			DisableScriptedObjects (30ms)
			BackupInstance (0ms)
			ReleaseScriptingObjects (0ms)
			CreateAndSetChildDomain (286ms)
		EndReloadAssembly (4464ms)
			LoadAssemblies (720ms)
			RebuildTransferFunctionScriptingTraits (0ms)
			SetupTypeCache (1857ms)
			ReleaseScriptCaches (3ms)
			RebuildScriptCaches (245ms)
			SetupLoadedEditorAssemblies (1347ms)
				LogAssemblyErrors (0ms)
				InitializePlatformSupportModulesInManaged (22ms)
				SetLoadedEditorAssemblies (3ms)
				RefreshPlugins (2ms)
				BeforeProcessingInitializeOnLoad (386ms)
				ProcessInitializeOnLoadAttributes (865ms)
				ProcessInitializeOnLoadMethodAttributes (45ms)
				AfterProcessingInitializeOnLoad (23ms)
				EditorAssembliesLoaded (1ms)
			ExecutionOrderSort2 (0ms)
			AwakeInstancesAfterBackupRestoration (9ms)
Platform modules already initialized, skipping
Refreshing native plugins compatible for Editor in 1.30 ms, found 2 plugins.
Preloading 0 native plugins for Editor in 0.00 ms.
Unloading 1358 Unused Serialized files (Serialized files now loaded: 0)
System memory in use before: 67.0 MB.
System memory in use after: 67.1 MB.

Unloading 12 unused Assets to reduce memory usage. Loaded Objects now: 1832.
Total: 10.641500 ms (FindLiveObjects: 0.598500 ms CreateObjectMapping: 0.230900 ms MarkObjects: 9.579700 ms  DeleteObjects: 0.227800 ms)

AssetImportParameters requested are different than current active one (requested -> active):
  custom:framework-win-MediaFoundation: 216162199b28c13a410421893ffa2e32 -> 
  custom:video-decoder-ogg-theora: a1e56fd34408186e4bbccfd4996cb3dc -> 
  custom:container-muxer-webm: aa71ff27fc2769a1b78a27578f13a17b -> 
  custom:container-demuxer-webm: 4f35f7cbe854078d1ac9338744f61a02 -> 
  custom:container-demuxer-ogg: 62fdf1f143b41e24485cea50d1cbac27 -> 
  custom:video-encoder-webm-vp8: eb34c28f22e8b96e1ab97ce403110664 -> 
  custom:video-decoder-webm-vp8: 9c59270c3fd7afecdb556c50c9e8de78 -> 
  custom:audio-decoder-ogg-vorbis: bf7c407c2cedff20999df2af8eb42d56 -> 
  custom:audio-encoder-webm-vorbis: bf7c407c2cedff20999df2af8eb42d56 -> 
========================================================================
Received Import Request.
  Time since last request: 725.507294 seconds.
  path: Assets/Audio/music_rev1_loop_01.wav
  artifactKey: Guid(5b6b354fa7c4c403aaa25faa14394f35) Importer(815301076,1909f56bfc062723c751e8b465ee728b)
Start importing Assets/Audio/music_rev1_loop_01.wav using Guid(5b6b354fa7c4c403aaa25faa14394f35) Importer(815301076,1909f56bfc062723c751e8b465ee728b)  -> (artifact id: '0a668c936c052a048c9626b63235e7ed') in 0.999765 seconds 
========================================================================
Received Import Request.
  Time since last request: 10.400356 seconds.
  path: Assets/Audio/wpn_elec_attack_01.wav
  artifactKey: Guid(acc5a3cbf9b7346a8ab39f638c4a60cc) Importer(815301076,1909f56bfc062723c751e8b465ee728b)
Start importing Assets/Audio/wpn_elec_attack_01.wav using Guid(acc5a3cbf9b7346a8ab39f638c4a60cc) Importer(815301076,1909f56bfc062723c751e8b465ee728b)  -> (artifact id: '9deea0861ed8743d4519fa6c7ecbd17b') in 0.249534 seconds 
========================================================================
Received Import Request.
  Time since last request: 2.286200 seconds.
  path: Assets/Audio/wpn_elec_attack_02.wav
  artifactKey: Guid(50f58c4fca03145f88f398ae8d566ca8) Importer(815301076,1909f56bfc062723c751e8b465ee728b)
Start importing Assets/Audio/wpn_elec_attack_02.wav using Guid(50f58c4fca03145f88f398ae8d566ca8) Importer(815301076,1909f56bfc062723c751e8b465ee728b)  -> (artifact id: 'd7f76bceed0ab14bc88f81d11f99a176') in 0.342508 seconds 
========================================================================
Received Import Request.
  Time since last request: 5.335882 seconds.
  path: Assets/Audio/wpn_elec_attack_03.wav
  artifactKey: Guid(efc6982011b74411bbe14993b0ae76f9) Importer(815301076,1909f56bfc062723c751e8b465ee728b)
Start importing Assets/Audio/wpn_elec_attack_03.wav using Guid(efc6982011b74411bbe14993b0ae76f9) Importer(815301076,1909f56bfc062723c751e8b465ee728b)  -> (artifact id: '4d92e2fc86f9336825b8e541be141ef1') in 0.226156 seconds 
========================================================================
Received Import Request.
  Time since last request: 3.759998 seconds.
  path: Assets/Audio/wpn_elec_hit_03.wav
  artifactKey: Guid(b3930fd0c1cb64e7b95e89d25de3a940) Importer(815301076,1909f56bfc062723c751e8b465ee728b)
Start importing Assets/Audio/wpn_elec_hit_03.wav using Guid(b3930fd0c1cb64e7b95e89d25de3a940) Importer(815301076,1909f56bfc062723c751e8b465ee728b)  -> (artifact id: 'b45ad3e635c1bf8010ad0c921b7837b7') in 0.143958 seconds 
========================================================================
Received Import Request.
  Time since last request: 9.248288 seconds.
  path: Assets/Audio/wpn_ice_blast_loop_01.wav
  artifactKey: Guid(57728ad878f8d4a6489f4a16542e3324) Importer(815301076,1909f56bfc062723c751e8b465ee728b)
Start importing Assets/Audio/wpn_ice_blast_loop_01.wav using Guid(57728ad878f8d4a6489f4a16542e3324) Importer(815301076,1909f56bfc062723c751e8b465ee728b)  -> (artifact id: '099e89963d83da0f38c9e9ceb5beeb7b') in 0.224934 seconds 
========================================================================
Received Import Request.
  Time since last request: 3.000859 seconds.
  path: Assets/Audio/wpn_ice_equip_01.wav
  artifactKey: Guid(fd399be1f34b34f75bb476ab4d084ad8) Importer(815301076,1909f56bfc062723c751e8b465ee728b)
Start importing Assets/Audio/wpn_ice_equip_01.wav using Guid(fd399be1f34b34f75bb476ab4d084ad8) Importer(815301076,1909f56bfc062723c751e8b465ee728b)  -> (artifact id: 'c37c2f15ae02fa0491f12dcbde2ce6ea') in 0.154958 seconds 
========================================================================
Received Import Request.
  Time since last request: 3.753337 seconds.
  path: Assets/Audio/ZomBear Death.wav
  artifactKey: Guid(62366b8d2c37a49dca550841c741317f) Importer(815301076,1909f56bfc062723c751e8b465ee728b)
Start importing Assets/Audio/ZomBear Death.wav using Guid(62366b8d2c37a49dca550841c741317f) Importer(815301076,1909f56bfc062723c751e8b465ee728b)  -> (artifact id: '70aca9795e3e8b9a952a6a02a3a971f0') in 0.211919 seconds 
========================================================================
Received Import Request.
  Time since last request: 2.366256 seconds.
  path: Assets/Audio/ZomBear Hurt.wav
  artifactKey: Guid(1d4840678e677424b8921716c72397ea) Importer(815301076,1909f56bfc062723c751e8b465ee728b)
Start importing Assets/Audio/ZomBear Hurt.wav using Guid(1d4840678e677424b8921716c72397ea) Importer(815301076,1909f56bfc062723c751e8b465ee728b)  -> (artifact id: '7e1c79a07fdbfcf4b01ae3e0d58f8d3e') in 0.193296 seconds 
========================================================================
Received Import Request.
  Time since last request: 2.139262 seconds.
  path: Assets/Audio/ZomBunny Death.wav
  artifactKey: Guid(1d3bfb9269f136947bf8ac164cace1ff) Importer(815301076,1909f56bfc062723c751e8b465ee728b)
Start importing Assets/Audio/ZomBunny Death.wav using Guid(1d3bfb9269f136947bf8ac164cace1ff) Importer(815301076,1909f56bfc062723c751e8b465ee728b)  -> (artifact id: '5ba4bbfe8e2d76ca7eb40fc3b6b50c73') in 0.179991 seconds 
========================================================================
Received Import Request.
  Time since last request: 2.037853 seconds.
  path: Assets/Audio/ZomBunny Hurt.wav
  artifactKey: Guid(02e6208ec76314158a9f548f51fe9f11) Importer(815301076,1909f56bfc062723c751e8b465ee728b)
Start importing Assets/Audio/ZomBunny Hurt.wav using Guid(02e6208ec76314158a9f548f51fe9f11) Importer(815301076,1909f56bfc062723c751e8b465ee728b)  -> (artifact id: '56f356aa62c8590f4415800be7f51a49') in 0.168698 seconds 
========================================================================
Received Import Request.
  Time since last request: 12.082898 seconds.
  path: Assets/Audio/Mixers
  artifactKey: Guid(03a3ece74cfa81c4c85868ad6a672649) Importer(815301076,1909f56bfc062723c751e8b465ee728b)
Start importing Assets/Audio/Mixers using Guid(03a3ece74cfa81c4c85868ad6a672649) Importer(815301076,1909f56bfc062723c751e8b465ee728b)  -> (artifact id: 'e87fa7abf00963d530d8a5b7dfcf230c') in 0.045064 seconds 
========================================================================
Received Import Request.
  Time since last request: 0.915836 seconds.
  path: Assets/Audio/Mixers/MasterMixer.mixer
  artifactKey: Guid(5b84db49d40ea449aa4f3e3bd229ab5b) Importer(815301076,1909f56bfc062723c751e8b465ee728b)
Start importing Assets/Audio/Mixers/MasterMixer.mixer using Guid(5b84db49d40ea449aa4f3e3bd229ab5b) Importer(815301076,1909f56bfc062723c751e8b465ee728b)  -> (artifact id: 'fe74f91f46fdf60835d127b436943bd6') in 0.112546 seconds 
AssetImportWorkerClient::OnTransportError - code=2 error=End of file
